"../../../MrRichSimulator/Content/Meshes/Glasses/Glass.uasset" 0
"../../../MrRichSimulator/Content/Sounds/Go_away_fatman.uasset" 1
"../../../MrRichSimulator/Content/Sounds/Go_away_fatman_Cue.uasset" 2
"../../../MrRichSimulator/Content/Sounds/lil_fatty.uasset" 3
"../../../MrRichSimulator/Content/Sounds/lil_fatty_Cue.uasset" 4
"../../../MrRichSimulator/Content/Sounds/Fatty/fattyattack.uasset" 5
"../../../MrRichSimulator/Content/Sounds/Fatty/fattyattack_Cue.uasset" 6
"../../../MrRichSimulator/Content/Sounds/Fatty/fattystamina.uasset" 7
"../../../MrRichSimulator/Content/Sounds/Fatty/fattystamina_Cue.uasset" 8
"../../../MrRichSimulator/Content/Sounds/Fatty/fatty_eat.uasset" 9
"../../../MrRichSimulator/Content/Sounds/Fatty/newfatattack.uasset" 10
"../../../MrRichSimulator/Content/Sounds/Fatty/newfatattack_Cue.uasset" 11
"../../../MrRichSimulator/Content/Sounds/Graveyard/joeygrave.uasset" 12
"../../../MrRichSimulator/Content/Sounds/Graveyard/joeygrave_Cue.uasset" 13
"../../../MrRichSimulator/Content/Sounds/Rich/heavy_breath.uasset" 14
"../../../MrRichSimulator/Content/Sounds/Rich/heavy_breath_Cue.uasset" 15
"../../../MrRichSimulator/Content/Sounds/Rich/jump_sound_1.uasset" 16
"../../../MrRichSimulator/Content/Sounds/Rich/jump_sound_1_Cue.uasset" 17
"../../../MrRichSimulator/Content/Sounds/Rich/rich_eats.uasset" 18
"../../../MrRichSimulator/Content/Sounds/Rich/rich_eats_Cue.uasset" 19
"../../../MrRichSimulator/Content/Sounds/Rich/smash_sound.uasset" 20
"../../../MrRichSimulator/Content/Sounds/Rich/smash_sound_Cue.uasset" 21
"../../../MrRichSimulator/Content/Sounds/Rich/Idle/death_metal_1.uasset" 22
"../../../MrRichSimulator/Content/Sounds/Rich/Idle/death_metal_1_Cue.uasset" 23
"../../../MrRichSimulator/Content/Sounds/Rich/Idle/fat_2.uasset" 24
"../../../MrRichSimulator/Content/Sounds/Rich/Idle/fat_2_Cue.uasset" 25
"../../../MrRichSimulator/Content/Sounds/Rich/Idle/gonna_murder_joey_3.uasset" 26
"../../../MrRichSimulator/Content/Sounds/Rich/Idle/gonna_murder_joey_3_Cue.uasset" 27
"../../../MrRichSimulator/Content/Sounds/Rich/Idle/loser_4.uasset" 28
"../../../MrRichSimulator/Content/Sounds/Rich/Idle/loser_4_Cue.uasset" 29
"../../../MrRichSimulator/Content/Sounds/Rich/Idle/run_over_with_my_car_5.uasset" 30
"../../../MrRichSimulator/Content/Sounds/Rich/Idle/run_over_with_my_car_5_Cue.uasset" 31
"../../../MrRichSimulator/Content/Sounds/Rich/Idle/strangle_6.uasset" 32
"../../../MrRichSimulator/Content/Sounds/Rich/Idle/strangle_6_Cue.uasset" 33
"../../../MrRichSimulator/Content/Sounds/Rich/Idle/stupid_earbuds_7.uasset" 34
"../../../MrRichSimulator/Content/Sounds/Rich/Idle/stupid_earbuds_7_Cue.uasset" 35
"../../../MrRichSimulator/Content/Sounds/Rich/Idle/super_deep_8.uasset" 36
"../../../MrRichSimulator/Content/Sounds/Rich/Idle/super_deep_8_Cue.uasset" 37
"../../../MrRichSimulator/Content/Sounds/Rich/Idle/wasting_time_9.uasset" 38
"../../../MrRichSimulator/Content/Sounds/Rich/Idle/wasting_time_9_Cue.uasset" 39
"../../../MrRichSimulator/Content/Sounds/Rich/Idle/wish_i_had_pizza_10.uasset" 40
"../../../MrRichSimulator/Content/Sounds/Rich/Idle/wish_i_had_pizza_10_Cue.uasset" 41
"../../../MrRichSimulator/Content/Textures/Brendans_house/advent.uasset" 42
"../../../MrRichSimulator/Content/Textures/Brendans_house/advent_Sprite.uasset" 43
"../../../MrRichSimulator/Content/Textures/Brendans_house/spongebob-grin-i11274.uasset" 44
"../../../MrRichSimulator/Content/Textures/Brendans_house/spongebob-grin-i11274_Sprite.uasset" 45
"../../../Engine/Plugins/2D/Paper2D/Content/PlaceholderTextures/DummySpriteTexture.uasset" 46
"../../../Engine/Plugins/2D/Paper2D/Content/PlaceholderTextures/FlatNormalMap.uasset" 47
"../../../Engine/Plugins/2D/Paper2D/Content/DefaultLitSpriteMaterial.uasset" 48
"../../../MrRichSimulator/Content/Textures/People/Crum.uasset" 49
"../../../MrRichSimulator/Content/Textures/People/Crum_Sprite.uasset" 50
"../../../MrRichSimulator/Content/Textures/People/Dayln.uasset" 51
"../../../MrRichSimulator/Content/Textures/People/Dayln_Sprite.uasset" 52
"../../../MrRichSimulator/Content/Textures/People/Hawthorn.uasset" 53
"../../../MrRichSimulator/Content/Textures/People/Hawthorn_Sprite.uasset" 54
"../../../MrRichSimulator/Content/Textures/People/Jackson.uasset" 55
"../../../MrRichSimulator/Content/Textures/People/Jackson_Sprite.uasset" 56
"../../../MrRichSimulator/Content/Textures/People/Jon.uasset" 57
"../../../MrRichSimulator/Content/Textures/People/Jon_Sprite.uasset" 58
"../../../MrRichSimulator/Content/Textures/People/Kamran.uasset" 59
"../../../MrRichSimulator/Content/Textures/People/Kamran_Sprite.uasset" 60
"../../../MrRichSimulator/Content/Textures/People/Kraft.uasset" 61
"../../../MrRichSimulator/Content/Textures/People/Kraft_Sprite.uasset" 62
"../../../MrRichSimulator/Content/Textures/People/Mr_rich.uasset" 63
"../../../MrRichSimulator/Content/Textures/People/Mr_rich_Sprite.uasset" 64
"../../../MrRichSimulator/Content/Textures/People/Rittz.uasset" 65
"../../../MrRichSimulator/Content/Textures/People/Rittz_Sprite.uasset" 66
"../../../MrRichSimulator/Content/Textures/People/Tristen.uasset" 67
"../../../MrRichSimulator/Content/Textures/People/Ty.uasset" 68
"../../../MrRichSimulator/Content/Textures/People/Ty_Sprite.uasset" 69
"../../../MrRichSimulator/Content/Textures/People/Unknown1.uasset" 70
"../../../MrRichSimulator/Content/Textures/People/Unknown1_Sprite.uasset" 71
"../../../MrRichSimulator/Content/Textures/People/Unknown2.uasset" 72
"../../../MrRichSimulator/Content/Textures/People/Unknown2_Sprite.uasset" 73
"../../../MrRichSimulator/Content/Textures/People/Unknown3.uasset" 74
"../../../MrRichSimulator/Content/Textures/People/Unknown3_Sprite.uasset" 75
"../../../MrRichSimulator/Content/Textures/People/Unknown4.uasset" 76
"../../../MrRichSimulator/Content/Textures/People/Unknown4_Sprite.uasset" 77
"../../../MrRichSimulator/Content/Textures/People/Unknown5.uasset" 78
"../../../MrRichSimulator/Content/Textures/People/Unknown5_Sprite.uasset" 79
"../../../Engine/Plugins/2D/Paper2D/Content/DefaultSpriteMaterial.uasset" 80
"../../../Engine/Plugins/2D/Paper2D/Content/TranslucentUnlitSpriteMaterial.uasset" 81
"../../../MrRichSimulator/Content/Textures/People/Unknown6.uasset" 82
"../../../MrRichSimulator/Content/Textures/People/Unknown6_Sprite.uasset" 83
"../../../MrRichSimulator/Content/Textures/People/Unknown7.uasset" 84
"../../../MrRichSimulator/Content/Textures/People/Unknown7_Sprite.uasset" 85
"../../../MrRichSimulator/Content/Textures/People/Williams.uasset" 86
"../../../MrRichSimulator/Content/Textures/People/Williams_Sprite.uasset" 87
"../../../Engine/Content/Functions/Engine_MaterialFunctions01/Opacity/CameraDepthFade.uasset" 88
"../../../Engine/Content/EngineMaterials/T_Default_Material_Grid_M.uasset" 89
"../../../Engine/Content/EngineMaterials/T_Default_Material_Grid_N.uasset" 90
"../../../Engine/Content/EngineMaterials/DefaultMaterial.uasset" 91
"../../../Engine/Content/BasicShapes/Cone.uasset" 92
"../../../Engine/Content/EngineMaterials/WorldGridMaterial.uasset" 93
"../../../Engine/Content/BasicShapes/Plane.uasset" 94
"../../../Engine/Content/BasicShapes/Sphere.uasset" 95
"../../../Engine/Content/EditorLandscapeResources/DataLayer.uasset" 96
"../../../Engine/Content/EditorMaterials/GizmoMaterial.uasset" 97
"../../../Engine/Content/EditorMaterials/MAT_Groups_Toggle.uasset" 98
"../../../Engine/Content/EditorMaterials/MAT_Groups_Visibility.uasset" 99
"../../../Engine/Content/EditorMaterials/PreviewShadowIndicator.uasset" 100
"../../../Engine/Content/EditorMaterials/PreviewShadowIndicatorMaterial.uasset" 101
"../../../Engine/Content/EditorMaterials/AssetViewer/EpicQuadPanorama_CC+EV1.uasset" 102
"../../../Engine/Content/EditorMaterials/MatineeGroups/MAT_ColorTrack.uasset" 103
"../../../Engine/Content/EditorMaterials/MatineeGroups/MAT_Groups_Anim.uasset" 104
"../../../Engine/Content/EditorMaterials/MatineeGroups/MAT_Groups_AudioMaster.uasset" 105
"../../../Engine/Content/EditorMaterials/MatineeGroups/MAT_Groups_Director.uasset" 106
"../../../Engine/Content/EditorMaterials/MatineeGroups/MAT_Groups_Event.uasset" 107
"../../../Engine/Content/EditorMaterials/MatineeGroups/MAT_Groups_Fade.uasset" 108
"../../../Engine/Content/EditorMaterials/MatineeGroups/MAT_Groups_Float.uasset" 109
"../../../Engine/Content/EditorMaterials/MatineeGroups/MAT_Groups_Move.uasset" 110
"../../../Engine/Content/EditorMaterials/MatineeGroups/MAT_Groups_Slomo.uasset" 111
"../../../Engine/Content/EditorMaterials/MatineeGroups/MAT_Groups_Sound.uasset" 112
"../../../Engine/Content/EditorMaterials/MatineeGroups/MAT_Groups_Vector.uasset" 113
"../../../Engine/Content/EditorMaterials/ParticleSystems/PSysThumbnail_NoImage.uasset" 114
"../../../Engine/Content/EditorMaterials/ParticleSystems/PSysThumbnail_OOD.uasset" 115
"../../../Engine/Content/EditorMaterials/Camera/CineMat.uasset" 116
"../../../Engine/Content/EditorMaterials/Camera/MI_CineMat_Rig.uasset" 117
"../../../Engine/Content/EditorMeshes/Camera/SM_CraneRig_Arm.uasset" 118
"../../../Engine/Content/EditorMeshes/Camera/SM_CraneRig_Base.uasset" 119
"../../../Engine/Content/EditorMeshes/Camera/SM_CraneRig_Body.uasset" 120
"../../../Engine/Content/EditorMeshes/Camera/SM_CraneRig_Mount.uasset" 121
"../../../Engine/Content/EditorMeshes/Camera/SM_RailRig_Mount.uasset" 122
"../../../Engine/Content/EditorMeshes/Camera/SM_RailRig_Track.uasset" 123
"../../../Engine/Content/EditorMeshes/ColorCalibrator/M_ChromeBall.uasset" 124
"../../../Engine/Content/EditorMeshes/ColorCalibrator/M_ClearCoat.uasset" 125
"../../../Engine/Content/EditorMeshes/ColorCalibrator/M_ClearCoatBlack.uasset" 126
"../../../Engine/Content/EditorMeshes/ColorCalibrator/T_ColorGrid.uasset" 127
"../../../Engine/Content/EditorMeshes/ColorCalibrator/M_ColorGrid.uasset" 128
"../../../Engine/Content/EditorMeshes/ColorCalibrator/M_GreyBall.uasset" 129
"../../../Engine/Content/EditorMeshes/ColorCalibrator/SM_ColorCalibrator.uasset" 130
"../../../Engine/Content/EditorResources/BSPVertex.uasset" 131
"../../../Engine/Content/EditorResources/EmptyActor.uasset" 132
"../../../Engine/Content/EditorResources/S_Actor.uasset" 133
"../../../Engine/Content/EditorResources/S_Trigger.uasset" 134
"../../../Engine/Content/EditorResources/AudioIcons/S_AudioComponent_AutoActivate.uasset" 135
"../../../Engine/Content/EditorResources/LightIcons/S_LightError.uasset" 136
"../../../Engine/Content/EditorResources/SequenceRecorder/Countdown.uasset" 137
"../../../Engine/Content/EditorResources/SequenceRecorder/RecordingIndicator.uasset" 138
"../../../Engine/Content/EditorSounds/Notifications/CompileFailed.uasset" 139
"../../../Engine/Content/EditorSounds/Notifications/CompileFailed_Cue.uasset" 140
"../../../Engine/Content/EditorSounds/Notifications/CompileSuccess.uasset" 141
"../../../Engine/Content/EditorSounds/Notifications/CompileStart_Cue.uasset" 142
"../../../Engine/Content/EditorSounds/Notifications/CompileSuccess_Cue.uasset" 143
"../../../Engine/Content/EngineDamageTypes/DmgTypeBP_Environmental.uasset" 144
"../../../Engine/Content/EngineDebugMaterials/HeatmapGradient.uasset" 145
"../../../Engine/Content/EngineDebugMaterials/BoneWeightMaterial.uasset" 146
"../../../Engine/Content/EngineDebugMaterials/ClothMaterial.uasset" 147
"../../../Engine/Content/EngineDebugMaterials/DebugMeshMaterial.uasset" 148
"../../../Engine/Content/EngineDebugMaterials/GeomMaterial.uasset" 149
"../../../Engine/Content/EngineFonts/Faces/RobotoBold.uasset" 150
"../../../Engine/Content/EngineFonts/Faces/RobotoBoldItalic.uasset" 151
"../../../Engine/Content/EngineFonts/Faces/RobotoItalic.uasset" 152
"../../../Engine/Content/EngineFonts/Faces/RobotoLight.uasset" 153
"../../../Engine/Content/EngineFonts/Faces/RobotoRegular.uasset" 154
"../../../Engine/Content/EngineFonts/Roboto.uasset" 155
"../../../Engine/Content/EngineFonts/Faces/RobotoTiny.uasset" 156
"../../../Engine/Content/EngineFonts/RobotoTiny.uasset" 157
"../../../Engine/Content/EngineMaterials/DefaultBloomKernel.uasset" 158
"../../../Engine/Content/EngineMaterials/DefaultBokeh.uasset" 159
"../../../Engine/Content/EngineMaterials/DefaultDiffuse.uasset" 160
"../../../Engine/Content/EngineMaterials/DefaultDeferredDecalMaterial.uasset" 161
"../../../Engine/Content/EngineMaterials/DefaultLightFunctionMaterial.uasset" 162
"../../../Engine/Content/EngineMaterials/DefaultPhysicalMaterial.uasset" 163
"../../../Engine/Content/Functions/Engine_MaterialFunctions02/Utility/BreakOutFloat2Components.uasset" 164
"../../../Engine/Content/EngineMaterials/DefaultPostProcessMaterial.uasset" 165
"../../../Engine/Content/EngineFonts/RobotoDistanceField.uasset" 166
"../../../Engine/Content/EngineMaterials/DefaultTextMaterialOpaque.uasset" 167
"../../../Engine/Content/EngineMaterials/DefaultWhiteGrid.uasset" 168
"../../../Engine/Content/EngineMaterials/EditorBrushMaterial.uasset" 169
"../../../Engine/Content/EngineMaterials/Good64x64TilingNoiseHighFreq.uasset" 170
"../../../Engine/Content/EngineMaterials/MiniFont.uasset" 171
"../../../Engine/Content/EngineMaterials/InvalidLightmapSettings.uasset" 172
"../../../Engine/Content/EngineMaterials/M_InvalidLightmapSettings.uasset" 173
"../../../Engine/Content/EngineMaterials/PhAT_JointLimitMaterial.uasset" 174
"../../../Engine/Content/EngineMaterials/PreintegratedSkinBRDF.uasset" 175
"../../../Engine/Content/EngineMaterials/RemoveSurfaceMaterial.uasset" 176
"../../../Engine/Content/EngineMaterials/WeightMapPlaceholderTexture.uasset" 177
"../../../Engine/Content/EngineResources/WhiteSquareTexture.uasset" 178
"../../../Engine/Content/EngineMaterials/Widget3DPassThrough.uasset" 179
"../../../Engine/Content/EngineMaterials/Widget3DPassThrough_Masked.uasset" 180
"../../../Engine/Content/EngineMaterials/Widget3DPassThrough_Opaque.uasset" 181
"../../../Engine/Content/EngineMaterials/Widget3DPassThrough_Masked_OneSided.uasset" 182
"../../../Engine/Content/EngineMaterials/Widget3DPassThrough_Opaque_OneSided.uasset" 183
"../../../Engine/Content/EngineMaterials/Widget3DPassThrough_Translucent.uasset" 184
"../../../Engine/Content/EngineMaterials/Widget3DPassThrough_Translucent_OneSided.uasset" 185
"../../../Engine/Content/EngineMeshes/Cube.uasset" 186
"../../../Engine/Content/EngineMeshes/Cylinder.uasset" 187
"../../../Engine/Content/EngineMeshes/Sphere.uasset" 188
"../../../Engine/Content/EngineResources/Black.uasset" 189
"../../../Engine/Content/EngineResources/DefaultTexture.uasset" 190
"../../../Engine/Content/EngineResources/DefaultTextureCube.uasset" 191
"../../../Engine/Content/EngineResources/GradientTexture0.uasset" 192
"../../../Engine/Content/Functions/Engine_MaterialFunctions01/Shading/ConvertFromDiffSpec.uasset" 193
"../../../Engine/Content/Functions/Engine_MaterialFunctions01/Shading/PowerToRoughness.uasset" 194
"../../../Engine/Content/Maps/Templates/Thumbnails/Default.uasset" 195
"../../../Engine/Content/Maps/Templates/Thumbnails/VR-Basic.uasset" 196
"../../../Engine/Content/MobileResources/T_MobileControls_texture.uasset" 197
"../../../Engine/Content/MobileResources/T_MobileMenu2.uasset" 198
"../../../Engine/Content/MobileResources/HUD/AnalogHat.uasset" 199
"../../../Engine/Content/MobileResources/HUD/VirtualJoystick_Background.uasset" 200
"../../../Engine/Content/MobileResources/HUD/VirtualJoystick_Thumb.uasset" 201
"../../../Engine/Content/MobileResources/HUD/DefaultVirtualJoysticks.uasset" 202
"../../../Engine/Content/MobileResources/HUD/LeftVirtualJoystickOnly.uasset" 203
"../../../Engine/Content/MobileResources/HUD/MobileHUDButton1_off.uasset" 204
"../../../Engine/Content/MobileResources/HUD/MobileHUDButton1_on.uasset" 205
"../../../Engine/Content/MobileResources/HUD/MobileHUDButton2_off.uasset" 206
"../../../Engine/Content/MobileResources/HUD/MobileHUDButton2_on.uasset" 207
"../../../Engine/Content/MobileResources/HUD/MobileHUDButton3.uasset" 208
"../../../Engine/Content/MobileResources/HUD/MobileHUDButtonFire.uasset" 209
"../../../Engine/Content/MobileResources/HUD/MobileHUDDirectionPad.uasset" 210
"../../../Engine/Content/MobileResources/HUD/MobileHUDDirectionPad2.uasset" 211
"../../../Engine/Content/MobileResources/HUD/MobileHUDDirectionPad3.uasset" 212
"../../../Engine/Content/MobileResources/HUD/MobileHUDDirectionStick.uasset" 213
"../../../Engine/Content/MobileResources/HUD/T_Castle_ThumbstickInner.uasset" 214
"../../../Engine/Content/MobileResources/HUD/T_Castle_ThumbstickOutter.uasset" 215
"../../../Engine/Content/Tutorial/ContentIntroCurve.uasset" 216
"../../../Engine/Content/Tutorial/Basics/TutorialAssets/icon_tab_Levels_40x.uasset" 217
"../../../Engine/Content/Tutorial/BlueprintTutorials/TutorialAssets/BlueprintInterface_64x.uasset" 218
"../../../Engine/Content/Tutorial/BlueprintTutorials/TutorialAssets/BlueprintMacroLibrary_64x.uasset" 219
"../../../Engine/Content/Tutorial/BlueprintTutorials/TutorialAssets/Blueprint_64x.uasset" 220
"../../../Engine/Content/Tutorial/BlueprintTutorials/TutorialAssets/Tutorial_BP_Interface.uasset" 221
"../../../Engine/Content/Tutorial/Foliage/TutorialAssets/Foliage.uasset" 222
"../../../Engine/Content/Tutorial/Landscape/TutorialAssets/Landscape.uasset" 223
"../../../Engine/Content/Tutorial/Paper2D/TutorialAssets/Paper2DFlipbook_TutorialIcon.uasset" 224
"../../../Engine/Content/Tutorial/Paper2D/TutorialAssets/Paper2DSprite_TutorialIcon.uasset" 225
"../../../Engine/Content/Tutorial/SubEditors/TutorialAssets/icon_Editor_Preferences_General_40x.uasset" 226
"../../../Engine/Content/Tutorial/SubEditors/TutorialAssets/icon_ShowSkeletalMeshes_40x.uasset" 227
"../../../Engine/Content/Tutorial/SubEditors/TutorialAssets/TutorialMaterial.uasset" 228
"../../../Engine/Content/Tutorial/SubEditors/TutorialAssets/T_SmokeSubUV_8X8.uasset" 229
"../../../Engine/Content/Tutorial/SubEditors/TutorialAssets/T_soft_smoke.uasset" 230
"../../../Engine/Content/Tutorial/SubEditors/TutorialAssets/M_smoke_subUV_blackbody.uasset" 231
"../../../Engine/Content/Tutorial/SubEditors/TutorialAssets/TutorialParticleSystem.uasset" 232
"../../../Engine/Content/EditorMeshes/EditorCube.uasset" 233
"../../../Engine/Content/Tutorial/SubEditors/TutorialAssets/Tutorial_DM.uasset" 234
"../../../Engine/Content/VREditor/Devices/Generic/GenericHMDMaterial.uasset" 235
"../../../Engine/Content/VREditor/Devices/Generic/GenericHMD.uasset" 236
"../../../Engine/Content/VREditor/FloatingText/LineMaterial.uasset" 237
"../../../Engine/Content/VREditor/FloatingText/JointSphere.uasset" 238
"../../../Engine/Content/VREditor/FloatingText/LineSegmentCylinder.uasset" 239
"../../../Engine/Content/VREditor/Fonts/VRText_RobotoLarge.uasset" 240
"../../../Engine/Content/VREditor/Fonts/VRTextMaterial.uasset" 241
"../../../Engine/Content/VREditor/Fonts/TranslucentVRTextMaterial.uasset" 242
"../../../Engine/Content/VREditor/LaserPointer/VR_LaserPower_01.uasset" 243
"../../../Engine/Content/VREditor/TransformGizmo/TransformGizmoMaterial.uasset" 244
"../../../Engine/Content/VREditor/LaserPointer/HoverMaterial.uasset" 245
"../../../Engine/Content/VREditor/TransformGizmo/TranslucentTransformGizmoMaterial.uasset" 246
"../../../Engine/Content/VREditor/LaserPointer/TranslucentHoverMaterial.uasset" 247
"../../../Engine/Content/VREditor/LaserPointer/HoverMesh.uasset" 248
"../../../Engine/Content/VREditor/LaserPointer/LaserPointerMaterial.uasset" 249
"../../../Engine/Content/VREditor/LaserPointer/LaserPointerMaterialInst.uasset" 250
"../../../Engine/Content/VREditor/LaserPointer/TranslucentLaserPointerMaterialInst.uasset" 251
"../../../Engine/Content/VREditor/LaserPointer/LaserPointerMesh.uasset" 252
"../../../Engine/Content/VREditor/LaserPointer/LaserPointerMesh_End.uasset" 253
"../../../Engine/Content/VREditor/LaserPointer/LaserPointerMesh_Start.uasset" 254
"../../../Engine/Content/Functions/Engine_MaterialFunctions02/Utility/BreakOutFloat3Components.uasset" 255
"../../../Engine/Content/Functions/Engine_MaterialFunctions02/Math/Transform3x3Matrix.uasset" 256
"../../../Engine/Content/Functions/Engine_MaterialFunctions02/SplitComponents.uasset" 257
"../../../Engine/Content/Functions/Engine_MaterialFunctions02/Utility/MakeFloat3.uasset" 258
"../../../Engine/Content/VREditor/SnapGrid/SnapGridMaterial.uasset" 259
"../../../Engine/Content/VREditor/SnapGrid/SnapGridPlaneMesh.uasset" 260
"../../../Engine/Content/VREditor/Sounds/VR_teleport_Cue.uasset" 261
"../../../Engine/Content/VREditor/Sounds/UI/Click_on_Button_Cue.uasset" 262
"../../../Engine/Content/VREditor/Sounds/UI/Dockable_Window_Close.uasset" 263
"../../../Engine/Content/VREditor/Sounds/UI/Dockable_Window_Drop.uasset" 264
"../../../Engine/Content/VREditor/Sounds/UI/Dockable_Window_Open.uasset" 265
"../../../Engine/Content/VREditor/Sounds/UI/Dockable_Window_Pick_Up.uasset" 266
"../../../Engine/Content/VREditor/Sounds/UI/Drop_Item_From_ContentBrowser.uasset" 267
"../../../Engine/Content/VREditor/Sounds/UI/Floating_UI_Open-001.uasset" 268
"../../../Engine/Content/VREditor/Sounds/UI/Gizmo_Handle_Clicked.uasset" 269
"../../../Engine/Content/VREditor/Sounds/UI/Object_PickUp.uasset" 270
"../../../Engine/Content/VREditor/Sounds/UI/Object_Snaps_To_Another_Actor.uasset" 271
"../../../Engine/Content/VREditor/Sounds/UI/Object_Snaps_To_Grid.uasset" 272
"../../../Engine/Content/VREditor/Sounds/UI/Radial_Menu_FadeOut.uasset" 273
"../../../Engine/Content/VREditor/Sounds/UI/Scaling_Down.uasset" 274
"../../../Engine/Content/VREditor/Sounds/UI/Scaling_Up.uasset" 275
"../../../Engine/Content/VREditor/Sounds/UI/Selection_Changes.uasset" 276
"../../../Engine/Content/VREditor/Sounds/UI/Teleport_Mode_Entered.uasset" 277
"../../../Engine/Content/VREditor/Teleport/TeleportDirectionMaterial.uasset" 278
"../../../Engine/Content/VREditor/Teleport/TeleportDirectionMaterial_Inst.uasset" 279
"../../../Engine/Content/VREditor/Teleport/TeleportDirectionMesh.uasset" 280
"../../../Engine/Content/VREditor/TransformGizmo/BoundingBoxCorner.uasset" 281
"../../../Engine/Content/VREditor/TransformGizmo/BoundingBoxEdge.uasset" 282
"../../../Engine/Content/VREditor/TransformGizmo/PlaneTranslationHandle.uasset" 283
"../../../Engine/Content/VREditor/TransformGizmo/RotationHandle.uasset" 284
"../../../Engine/Content/VREditor/TransformGizmo/RotationHandleFull.uasset" 285
"../../../Engine/Content/VREditor/TransformGizmo/RotationHandleIndicator.uasset" 286
"../../../Engine/Content/VREditor/TransformGizmo/RotationHandleQuarter.uasset" 287
"../../../Engine/Content/VREditor/TransformGizmo/Main.uasset" 288
"../../../Engine/Content/VREditor/TransformGizmo/Xray.uasset" 289
"../../../Engine/Content/VREditor/TransformGizmo/SM_Dialog_Close.uasset" 290
"../../../Engine/Content/VREditor/TransformGizmo/SM_Dialog_Move.uasset" 291
"../../../Engine/Content/VREditor/TransformGizmo/SM_Sequencer_Key.uasset" 292
"../../../Engine/Content/VREditor/TransformGizmo/StartRotationHandleIndicator.uasset" 293
"../../../Engine/Content/VREditor/TransformGizmo/TransformGizmoMaterial_Inst.uasset" 294
"../../../Engine/Content/VREditor/TransformGizmo/TranslateArrowHandle.uasset" 295
"../../../Engine/Content/VREditor/TransformGizmo/TranslationHandle.uasset" 296
"../../../Engine/Content/VREditor/TransformGizmo/TranslucentTransformGizmoMaterial_Inst.uasset" 297
"../../../Engine/Content/VREditor/TransformGizmo/UniformScaleHandle.uasset" 298
"../../../Engine/Content/VREditor/UI/KeyDiskMaterial.uasset" 299
"../../../Engine/Content/VREditor/UI/DiscMaterial.uasset" 300
"../../../Engine/Content/VREditor/UI/SM_Radial_Disk.uasset" 301
"../../../Engine/Content/Functions/Engine_MaterialFunctions01/Gradient/RadialGradient.uasset" 302
"../../../Engine/Content/VREditor/WorldMovementGrid/SimpleGrid.uasset" 303
"../../../Engine/Content/VREditor/WorldMovementGrid/GridMaterial.uasset" 304
"../../../Engine/Content/Functions/Engine_MaterialFunctions01/Density/ExponentialDensity.uasset" 305
"../../../Engine/Content/VREditor/WorldMovementGrid/GridPostProcess.uasset" 306
"../../../Engine/Content/EditorLandscapeResources/FlattenHeightMat.uasset" 307
"../../../Engine/Content/VREditor/WorldMovementGrid/PlaneMesh.uasset" 308
"../../../Engine/Plugins/2D/Paper2D/Content/DummySprite.uasset" 309
"../../../Engine/Plugins/2D/Paper2D/Content/DefaultPaperTerrainMaterial.uasset" 310
"../../../Engine/Plugins/2D/Paper2D/Content/MaskedUnlitSpriteMaterial.uasset" 311
"../../../Engine/Plugins/2D/Paper2D/Content/OpaqueUnlitSpriteMaterial.uasset" 312
"../../../Engine/Plugins/Runtime/GearVR/Content/Textures/GearVRController_AO.uasset" 313
"../../../Engine/Plugins/Runtime/GearVR/Content/Textures/GearVRController_Color.uasset" 314
"../../../Engine/Plugins/Runtime/GearVR/Content/Textures/GearVRController_Normal.uasset" 315
"../../../Engine/Plugins/Runtime/GearVR/Content/Materials/GearVRControllerMaterial.uasset" 316
"../../../Engine/Plugins/Runtime/GearVR/Content/Meshes/GearVrController.uasset" 317
"../../../Engine/Content/EditorBlueprintResources/StandardMacros.uasset" 318
"../../../Engine/Content/EngineSky/C_Sky_Cloud_Color.uasset" 319
"../../../Engine/Content/EngineSky/C_Sky_Horizon_Color.uasset" 320
"../../../Engine/Content/EngineSky/C_Sky_Zenith_Color.uasset" 321
"../../../Engine/Content/EngineSky/T_Sky_Blue.uasset" 322
"../../../Engine/Content/EngineSky/T_Sky_Clouds_M.uasset" 323
"../../../Engine/Content/EngineSky/T_Sky_Stars.uasset" 324
"../../../Engine/Content/EngineSky/M_Sky_Panning_Clouds2.uasset" 325
"../../../Engine/Content/EngineSky/SM_SkySphere.uasset" 326
"../../../Engine/Content/EngineSky/BP_Sky_Sphere.uasset" 327
"../../../MrRichSimulator/Content/Levels/CASEY_THROWBACK_ALLYWAYPARKOUR_BuiltData.uasset" 328
"../../../MrRichSimulator/Content/Sounds/People/Crazy_Crack_Head_Wants_Crack_.uasset" 329
"../../../MrRichSimulator/Content/Textures/People/crazy_crack_head.uasset" 330
"../../../MrRichSimulator/Content/Textures/People/crazy_crack_head_Sprite.uasset" 331
"../../../MrRichSimulator/Content/Levels/CASEY_THROWBACK_ALLYWAYPARKOUR.umap" 332
"../../../MrRichSimulator/Content/Font/THIEF_0.uasset" 333
"../../../MrRichSimulator/Content/Font/Thief_gui.uasset" 334
"../../../MrRichSimulator/Content/GUI/HUD.uasset" 335
"../../../MrRichSimulator/Content/Blueprints/Character/MrRich_BP.uasset" 336
"../../../MrRichSimulator/Content/Textures/Color/Black.uasset" 337
"../../../MrRichSimulator/Content/Meshes/Pakt/KompaktUVMap.uasset" 338
"../../../MrRichSimulator/Content/Meshes/Pakt/Material_001.uasset" 339
"../../../MrRichSimulator/Content/Meshes/Pakt/Kompakt.uasset" 340
"../../../MrRichSimulator/Content/Sounds/Music/Eternal_Youth.uasset" 341
"../../../MrRichSimulator/Content/Levels/Chill.umap" 342
"../../../MrRichSimulator/Content/Sounds/Earbuds/Song_for_Collecting_earbuds.uasset" 343
"../../../MrRichSimulator/Content/Textures/Earbuds/Earbuds.uasset" 344
"../../../MrRichSimulator/Content/Textures/Earbuds/Earbuds_Sprite.uasset" 345
"../../../MrRichSimulator/Content/Blueprints/Earbuds.uasset" 346
"../../../MrRichSimulator/Content/Textures/FoodStuff/wheyProteinBar.uasset" 347
"../../../MrRichSimulator/Content/Textures/FoodStuff/wheyProteinBar_Sprite.uasset" 348
"../../../MrRichSimulator/Content/Blueprints/Protein_bar.uasset" 349
"../../../MrRichSimulator/Content/Textures/Rock/Rock.uasset" 350
"../../../MrRichSimulator/Content/Textures/Rock/Rock_Mat.uasset" 351
"../../../MrRichSimulator/Content/Meshes/LevelMeshes/Box.uasset" 352
"../../../MrRichSimulator/Content/Meshes/LevelMeshes/Box_DM.uasset" 353
"../../../MrRichSimulator/Content/Font/Thief.uasset" 354
"../../../MrRichSimulator/Content/Levels/Sequences/Crazy_animal.uasset" 355
"../../../MrRichSimulator/Content/Levels/desert_BuiltData.uasset" 356
"../../../MrRichSimulator/Content/Font/DefaultTextMaterialOpaque.uasset" 357
"../../../MrRichSimulator/Content/Textures/Color/Green_glow.uasset" 358
"../../../MrRichSimulator/Content/Textures/Metal/Metal_bar.uasset" 359
"../../../MrRichSimulator/Content/Textures/Metal/Metal_bar_Mat.uasset" 360
"../../../MrRichSimulator/Content/Textures/Sand/5-desert-sand-seamless.uasset" 361
"../../../MrRichSimulator/Content/Textures/Sand/Sand_normal.uasset" 362
"../../../MrRichSimulator/Content/Textures/Sand/5-desert-sand-seamless_Mat.uasset" 363
"../../../MrRichSimulator/Content/Textures/Sand/Sandstone2.uasset" 364
"../../../MrRichSimulator/Content/Textures/Sand/Sandstone2_Mat.uasset" 365
"../../../MrRichSimulator/Content/Textures/Sand/Sandstone.uasset" 366
"../../../MrRichSimulator/Content/Textures/Sand/Sandstone_Mat.uasset" 367
"../../../Engine/Content/BasicShapes/Cylinder.uasset" 368
"../../../MrRichSimulator/Content/Meshes/Glasses/Frame.uasset" 369
"../../../MrRichSimulator/Content/Textures/Glass/FunkGlass.uasset" 370
"../../../MrRichSimulator/Content/Meshes/Glasses/Funk_glasses.uasset" 371
"../../../MrRichSimulator/Content/Sounds/crazy_Animal.uasset" 372
"../../../MrRichSimulator/Content/Sounds/oger_voice.uasset" 373
"../../../MrRichSimulator/Content/Textures/People/crazy_Animal.uasset" 374
"../../../MrRichSimulator/Content/Textures/People/crazy_Animal_Sprite.uasset" 375
"../../../MrRichSimulator/Content/Textures/People/oger.uasset" 376
"../../../MrRichSimulator/Content/Textures/People/oger_Sprite.uasset" 377
"../../../MrRichSimulator/Content/Textures/People/Pakt.uasset" 378
"../../../MrRichSimulator/Content/Textures/People/Pakt_Sprite.uasset" 379
"../../../MrRichSimulator/Content/Textures/Stewie/Stewie.uasset" 380
"../../../MrRichSimulator/Content/Textures/Stewie/Stewie_Sprite.uasset" 381
"../../../MrRichSimulator/Content/Levels/desert.umap" 382
"../../../MrRichSimulator/Content/Levels/graveyard_BuiltData.uasset" 383
"../../../MrRichSimulator/Content/Textures/Grass/Dead_Grey_Green_Grass_UV_CM_1.uasset" 384
"../../../MrRichSimulator/Content/Textures/Grass/Dead_Grey_Green_Grass_UV_CM_1_Mat.uasset" 385
"../../../MrRichSimulator/Content/Textures/Reflection/Reflection.uasset" 386
"../../../MrRichSimulator/Content/Textures/Wood/wildtextures-paint-peeling-of-the-wooden-boards.uasset" 387
"../../../MrRichSimulator/Content/Textures/Wood/wildtextures-paint-peeling-of-the-wooden-boards_Mat.uasset" 388
"../../../Engine/Content/EditorMeshes/PlanarReflectionPlane.uasset" 389
"../../../MrRichSimulator/Content/Meshes/Podium/Cross.uasset" 390
"../../../MrRichSimulator/Content/Meshes/Podium/Podium1.uasset" 391
"../../../MrRichSimulator/Content/Meshes/Podium/Podium.uasset" 392
"../../../MrRichSimulator/Content/Meshes/Table/Coffee_table.uasset" 393
"../../../MrRichSimulator/Content/Meshes/Tombstone/Material.uasset" 394
"../../../MrRichSimulator/Content/Meshes/Tombstone/Pakt_Tombstone.uasset" 395
"../../../MrRichSimulator/Content/Sounds/CustomSoundClass.uasset" 396
"../../../MrRichSimulator/Content/Sounds/Graveyard/ogre_grave.uasset" 397
"../../../MrRichSimulator/Content/Sounds/Graveyard/REST_IN_PIECES.uasset" 398
"../../../Engine/Content/EngineSounds/Master.uasset" 399
"../../../Engine/Content/EngineSounds/Music.uasset" 400
"../../../MrRichSimulator/Content/Sounds/Graveyard/TS3_Toy_Box_Mode_Sids_Haunted_House_-_Grim_Grinning_Ghosts__Extended_.uasset" 401
"../../../MrRichSimulator/Content/Sounds/Graveyard/vurrrnt.uasset" 402
"../../../MrRichSimulator/Content/Textures/Gargoyle/Gargoyle.uasset" 403
"../../../MrRichSimulator/Content/Textures/Gargoyle/Gargoyle_Sprite.uasset" 404
"../../../MrRichSimulator/Content/Levels/graveyard.umap" 405
"../../../MrRichSimulator/Content/Levels/hell_BuiltData.uasset" 406
"../../../MrRichSimulator/Content/Textures/Magma/hellblock_texture.uasset" 407
"../../../MrRichSimulator/Content/Textures/Magma/hellblock_texture_Mat.uasset" 408
"../../../MrRichSimulator/Content/Textures/Magma/helltree.uasset" 409
"../../../MrRichSimulator/Content/Textures/Magma/helltree_Mat.uasset" 410
"../../../Engine/Content/EngineSounds/ReverbSettings/StoneCorridor.uasset" 411
"../../../MrRichSimulator/Content/Textures/Magma/hellmagmarich.uasset" 412
"../../../MrRichSimulator/Content/Textures/Magma/hellmagmarich_Mat.uasset" 413
"../../../MrRichSimulator/Content/Meshes/LevelMeshes/Lava.uasset" 414
"../../../MrRichSimulator/Content/Sounds/Fire/ExplosionPyramid.uasset" 415
"../../../MrRichSimulator/Content/Sounds/Fire/Lava_flow.uasset" 416
"../../../MrRichSimulator/Content/Levels/hell.umap" 417
"../../../MrRichSimulator/Content/Textures/Color/White_shiny.uasset" 418
"../../../MrRichSimulator/Content/Textures/Glass/Glass2.uasset" 419
"../../../MrRichSimulator/Content/Meshes/Door/House_door.uasset" 420
"../../../MrRichSimulator/Content/Meshes/Door/House_door_DM.uasset" 421
"../../../MrRichSimulator/Content/Meshes/Table/Coffee_table_DM.uasset" 422
"../../../MrRichSimulator/Content/Levels/Houses_BuiltData.uasset" 423
"../../../MrRichSimulator/Content/Textures/Brick/nicks_house_texture.uasset" 424
"../../../MrRichSimulator/Content/Textures/Brick/nicks_house_texture_Mat.uasset" 425
"../../../MrRichSimulator/Content/Textures/Grass/12-green-seamless-grass-texture.uasset" 426
"../../../MrRichSimulator/Content/Textures/Grass/12-green-seamless-grass-texture_Mat.uasset" 427
"../../../MrRichSimulator/Content/Textures/Mat/Go_away.uasset" 428
"../../../MrRichSimulator/Content/Textures/Mat/Go_away_normal.uasset" 429
"../../../MrRichSimulator/Content/Textures/Mat/Go_away_Mat.uasset" 430
"../../../MrRichSimulator/Content/Textures/Neon/Neon.uasset" 431
"../../../MrRichSimulator/Content/Textures/Plaster/Plaster.uasset" 432
"../../../MrRichSimulator/Content/Textures/Plaster/Plaster_Mat.uasset" 433
"../../../Engine/Content/Functions/Engine_MaterialFunctions01/WorldPositionOffset/SimpleGrassWind.uasset" 434
"../../../MrRichSimulator/Content/Textures/Smoke/Smoke.uasset" 435
"../../../MrRichSimulator/Content/Textures/Wood/floors.uasset" 436
"../../../MrRichSimulator/Content/Textures/Wood/floors_Mat.uasset" 437
"../../../Engine/Content/BasicShapes/Cube.uasset" 438
"../../../MrRichSimulator/Content/Meshes/Chair/Chair.uasset" 439
"../../../MrRichSimulator/Content/Meshes/Light/Neon_light.uasset" 440
"../../../MrRichSimulator/Content/Meshes/Phone/Base.uasset" 441
"../../../MrRichSimulator/Content/Meshes/Phone/Screen.uasset" 442
"../../../MrRichSimulator/Content/Meshes/Phone/Silver.uasset" 443
"../../../MrRichSimulator/Content/Meshes/Phone/Phone.uasset" 444
"../../../MrRichSimulator/Content/Sounds/People/adem_sound.uasset" 445
"../../../MrRichSimulator/Content/Sounds/People/Brendan_sound.uasset" 446
"../../../MrRichSimulator/Content/Sounds/People/casey_sound.uasset" 447
"../../../MrRichSimulator/Content/Sounds/People/joey_sound.uasset" 448
"../../../MrRichSimulator/Content/Sounds/People/nick_sound.uasset" 449
"../../../MrRichSimulator/Content/Sounds/People/Pakt/Greetings.uasset" 450
"../../../MrRichSimulator/Content/Sounds/People/Pakt/Need_more.uasset" 451
"../../../MrRichSimulator/Content/Textures/Adems_house/adem_gader.uasset" 452
"../../../MrRichSimulator/Content/Textures/Adems_house/adem_gader_Sprite.uasset" 453
"../../../MrRichSimulator/Content/Textures/Adems_house/advent.uasset" 454
"../../../MrRichSimulator/Content/Textures/Adems_house/advent_Sprite.uasset" 455
"../../../MrRichSimulator/Content/Textures/Adems_house/black.uasset" 456
"../../../MrRichSimulator/Content/Textures/Adems_house/black_Sprite.uasset" 457
"../../../MrRichSimulator/Content/Textures/Adems_house/horse.uasset" 458
"../../../MrRichSimulator/Content/Textures/Adems_house/horse_Sprite.uasset" 459
"../../../MrRichSimulator/Content/Textures/Adems_house/spongebob-grin-i11274.uasset" 460
"../../../MrRichSimulator/Content/Textures/Adems_house/spongebob-grin-i11274_Sprite.uasset" 461
"../../../MrRichSimulator/Content/Textures/Adems_house/vodka_poster_adem.uasset" 462
"../../../MrRichSimulator/Content/Textures/Adems_house/vodka_poster_adem_Sprite.uasset" 463
"../../../MrRichSimulator/Content/Textures/Brendans_house/at_least_its_not_crack.uasset" 464
"../../../MrRichSimulator/Content/Textures/Brendans_house/at_least_its_not_crack_Sprite.uasset" 465
"../../../MrRichSimulator/Content/Textures/Brendans_house/bob.uasset" 466
"../../../MrRichSimulator/Content/Textures/Brendans_house/bob_Sprite.uasset" 467
"../../../MrRichSimulator/Content/Textures/Brendans_house/CDztq96VAAAkVpn.uasset" 468
"../../../MrRichSimulator/Content/Textures/Brendans_house/CDztq96VAAAkVpn_Sprite.uasset" 469
"../../../MrRichSimulator/Content/Textures/Brendans_house/cod-zombies.uasset" 470
"../../../MrRichSimulator/Content/Textures/Brendans_house/cod-zombies_Sprite.uasset" 471
"../../../MrRichSimulator/Content/Textures/Brendans_house/dragon_ball.uasset" 472
"../../../MrRichSimulator/Content/Textures/Brendans_house/dragon_ball_Sprite.uasset" 473
"../../../MrRichSimulator/Content/Textures/Brendans_house/e75b66f17d7b7802052525321a1bf86fa95a1a20.uasset" 474
"../../../MrRichSimulator/Content/Textures/Brendans_house/e75b66f17d7b7802052525321a1bf86fa95a1a20_Sprite.uasset" 475
"../../../MrRichSimulator/Content/Textures/Brendans_house/hatty.uasset" 476
"../../../MrRichSimulator/Content/Textures/Brendans_house/hatty_Sprite.uasset" 477
"../../../MrRichSimulator/Content/Textures/Brendans_house/invader.uasset" 478
"../../../MrRichSimulator/Content/Textures/Brendans_house/invader_Sprite.uasset" 479
"../../../MrRichSimulator/Content/Textures/Brendans_house/mwr.uasset" 480
"../../../MrRichSimulator/Content/Textures/Brendans_house/mwr_Sprite.uasset" 481
"../../../MrRichSimulator/Content/Textures/Brendans_house/rasta-001.uasset" 482
"../../../MrRichSimulator/Content/Textures/Brendans_house/rasta-001_Sprite.uasset" 483
"../../../MrRichSimulator/Content/Textures/Brendans_house/squid.uasset" 484
"../../../MrRichSimulator/Content/Textures/Brendans_house/squid_Sprite.uasset" 485
"../../../MrRichSimulator/Content/Textures/Brendans_house/strawberry.uasset" 486
"../../../MrRichSimulator/Content/Textures/Brendans_house/strawberry_Sprite.uasset" 487
"../../../MrRichSimulator/Content/Textures/Brendans_house/tumblr_myc55cDjDa1qchnreo1_500.uasset" 488
"../../../MrRichSimulator/Content/Textures/Brendans_house/tumblr_myc55cDjDa1qchnreo1_500_Sprite.uasset" 489
"../../../MrRichSimulator/Content/Textures/Brendans_house/uzi-vert.uasset" 490
"../../../MrRichSimulator/Content/Textures/Brendans_house/uzi-vert_Sprite.uasset" 491
"../../../MrRichSimulator/Content/Textures/Brendans_house/wiz-khalifa-blacc-hollywood640.uasset" 492
"../../../MrRichSimulator/Content/Textures/Brendans_house/wiz-khalifa-blacc-hollywood640_Sprite.uasset" 493
"../../../MrRichSimulator/Content/Textures/Brendans_house/wiz.uasset" 494
"../../../MrRichSimulator/Content/Textures/Brendans_house/wiz_Sprite.uasset" 495
"../../../MrRichSimulator/Content/Textures/Caseys_house/coke.uasset" 496
"../../../MrRichSimulator/Content/Textures/Caseys_house/coke_Sprite.uasset" 497
"../../../MrRichSimulator/Content/Textures/Caseys_house/CUYGr0fUsAAyigA.uasset" 498
"../../../MrRichSimulator/Content/Textures/Caseys_house/CUYGr0fUsAAyigA_Sprite.uasset" 499
"../../../MrRichSimulator/Content/Textures/Caseys_house/enjoy_cocaine_by_ghalghej.uasset" 500
"../../../MrRichSimulator/Content/Textures/Caseys_house/enjoy_cocaine_by_ghalghej_Sprite.uasset" 501
"../../../MrRichSimulator/Content/Textures/Caseys_house/keep-calm-and-sniff-cocaine-27_jpg.uasset" 502
"../../../MrRichSimulator/Content/Textures/Caseys_house/keep-calm-and-sniff-cocaine-27_jpg_Sprite.uasset" 503
"../../../MrRichSimulator/Content/Textures/Caseys_house/raw-coke.uasset" 504
"../../../MrRichSimulator/Content/Textures/Caseys_house/raw-coke_Sprite.uasset" 505
"../../../MrRichSimulator/Content/Textures/Gym/Nike-Duffle-Bag-psd16859.uasset" 506
"../../../MrRichSimulator/Content/Textures/Gym/Nike-Duffle-Bag-psd16859_Sprite.uasset" 507
"../../../MrRichSimulator/Content/Textures/Joeys_house/MLV.uasset" 508
"../../../MrRichSimulator/Content/Textures/Joeys_house/MLV_Sprite.uasset" 509
"../../../MrRichSimulator/Content/Textures/Joeys_house/vape2.uasset" 510
"../../../MrRichSimulator/Content/Textures/Joeys_house/vape2_Sprite.uasset" 511
"../../../MrRichSimulator/Content/Textures/Joeys_house/vape4.uasset" 512
"../../../MrRichSimulator/Content/Textures/Joeys_house/vape4_Sprite.uasset" 513
"../../../MrRichSimulator/Content/Textures/Joeys_house/vape_3.uasset" 514
"../../../MrRichSimulator/Content/Textures/Joeys_house/vape_3_Sprite.uasset" 515
"../../../MrRichSimulator/Content/Textures/Joeys_house/vape_5.uasset" 516
"../../../MrRichSimulator/Content/Textures/Joeys_house/vape_5_Sprite.uasset" 517
"../../../MrRichSimulator/Content/Textures/Joeys_house/vape_6.uasset" 518
"../../../MrRichSimulator/Content/Textures/Joeys_house/vape_6_Sprite.uasset" 519
"../../../MrRichSimulator/Content/Textures/Joeys_house/vape_dogg.uasset" 520
"../../../MrRichSimulator/Content/Textures/Joeys_house/vape_dogg_Sprite.uasset" 521
"../../../MrRichSimulator/Content/Textures/Joeys_house/vape.uasset" 522
"../../../MrRichSimulator/Content/Textures/Joeys_house/vape_Sprite.uasset" 523
"../../../MrRichSimulator/Content/Textures/Joeys_house/voey_javp.uasset" 524
"../../../MrRichSimulator/Content/Textures/Joeys_house/voey_javp_Sprite.uasset" 525
"../../../MrRichSimulator/Content/Textures/Mr_Rich_house/mr_rich_house_poster.uasset" 526
"../../../MrRichSimulator/Content/Textures/Mr_Rich_house/mr_rich_house_poster_Sprite.uasset" 527
"../../../MrRichSimulator/Content/Textures/Mr_Rich_house/mr_rich_room_poster_2.uasset" 528
"../../../MrRichSimulator/Content/Textures/Mr_Rich_house/mr_rich_room_poster_2_Sprite.uasset" 529
"../../../MrRichSimulator/Content/Textures/Mr_Rich_house/mr_rich_room_poster.uasset" 530
"../../../MrRichSimulator/Content/Textures/Mr_Rich_house/mr_rich_room_poster_Sprite.uasset" 531
"../../../MrRichSimulator/Content/Textures/Mr_Rich_house/the_bull_crap_lie_poster_about_marijuana_mr_rich_room_poster.uasset" 532
"../../../MrRichSimulator/Content/Textures/Mr_Rich_house/the_bull_crap_lie_poster_about_marijuana_mr_rich_room_poster_Sprite.uasset" 533
"../../../MrRichSimulator/Content/Textures/Nicks_house/4000_screenshots_2015-01-08_00002.uasset" 534
"../../../MrRichSimulator/Content/Textures/Nicks_house/4000_screenshots_2015-01-08_00002_Sprite.uasset" 535
"../../../MrRichSimulator/Content/Textures/Nicks_house/4437-family-guy-family-guy-poster.uasset" 536
"../../../MrRichSimulator/Content/Textures/Nicks_house/4437-family-guy-family-guy-poster_Sprite.uasset" 537
"../../../MrRichSimulator/Content/Textures/Nicks_house/black-ops_k3kk.uasset" 538
"../../../MrRichSimulator/Content/Textures/Nicks_house/black-ops_k3kk_Sprite.uasset" 539
"../../../MrRichSimulator/Content/Textures/Nicks_house/Futurama-Bender-Cosplay-Costume-Version-01-1.uasset" 540
"../../../MrRichSimulator/Content/Textures/Nicks_house/Futurama-Bender-Cosplay-Costume-Version-01-1_Sprite.uasset" 541
"../../../MrRichSimulator/Content/Textures/Nicks_house/garry_s_mod_poster_by_thefunkybiskit-d7ohlva.uasset" 542
"../../../MrRichSimulator/Content/Textures/Nicks_house/garry_s_mod_poster_by_thefunkybiskit-d7ohlva_Sprite.uasset" 543
"../../../MrRichSimulator/Content/Textures/Nicks_house/Home-Decoration-Bob-Marley-3-Faces-font-b-Smoking-b-font-Print-font-b-Poster-b.uasset" 544
"../../../MrRichSimulator/Content/Textures/Nicks_house/Home-Decoration-Bob-Marley-3-Faces-font-b-Smoking-b-font-Print-font-b-Poster-b_Sprite.uasset" 545
"../../../MrRichSimulator/Content/Textures/Nicks_house/kodak-black-profile-1.uasset" 546
"../../../MrRichSimulator/Content/Textures/Nicks_house/kodak-black-profile-1_Sprite.uasset" 547
"../../../MrRichSimulator/Content/Textures/Nicks_house/smoking-weed-poster-smps00000345-original-imae2xg2fg47ccxm.uasset" 548
"../../../MrRichSimulator/Content/Textures/Nicks_house/smoking-weed-poster-smps00000345-original-imae2xg2fg47ccxm_Sprite.uasset" 549
"../../../MrRichSimulator/Content/Textures/Nicks_house/thumb-071-cod-black-ops-3-zombies-3.uasset" 550
"../../../MrRichSimulator/Content/Textures/Nicks_house/thumb-071-cod-black-ops-3-zombies-3_Sprite.uasset" 551
"../../../MrRichSimulator/Content/Textures/Nicks_house/unnamed-3-640x769.uasset" 552
"../../../MrRichSimulator/Content/Textures/Nicks_house/unnamed-3-640x769_Sprite.uasset" 553
"../../../MrRichSimulator/Content/Textures/Nicks_house/Weed.uasset" 554
"../../../MrRichSimulator/Content/Textures/Nicks_house/Weed_Sprite.uasset" 555
"../../../MrRichSimulator/Content/Textures/People/Adem.uasset" 556
"../../../MrRichSimulator/Content/Textures/People/Adem_Sprite.uasset" 557
"../../../MrRichSimulator/Content/Textures/People/Brendan2.uasset" 558
"../../../MrRichSimulator/Content/Textures/People/Brendan2_Sprite.uasset" 559
"../../../MrRichSimulator/Content/Textures/People/Casey.uasset" 560
"../../../MrRichSimulator/Content/Textures/People/Casey_Sprite.uasset" 561
"../../../MrRichSimulator/Content/Textures/People/Joey.uasset" 562
"../../../MrRichSimulator/Content/Textures/People/Joey_Sprite.uasset" 563
"../../../MrRichSimulator/Content/Textures/People/Nick.uasset" 564
"../../../MrRichSimulator/Content/Textures/People/Nick_Sprite.uasset" 565
"../../../MrRichSimulator/Content/Levels/Houses.umap" 566
"../../../MrRichSimulator/Content/Levels/LHS_part1_BuiltData.uasset" 567
"../../../MrRichSimulator/Content/Textures/Brick/school_wall.uasset" 568
"../../../MrRichSimulator/Content/Textures/Brick/school_wall_Mat.uasset" 569
"../../../MrRichSimulator/Content/Textures/Color/Red_shiny.uasset" 570
"../../../MrRichSimulator/Content/Textures/Curtain/Satin_drapes_curtains_4_s.uasset" 571
"../../../MrRichSimulator/Content/Textures/Curtain/Satin_drapes_curtains_4_s_Mat.uasset" 572
"../../../MrRichSimulator/Content/Textures/Tile/school_floor.uasset" 573
"../../../MrRichSimulator/Content/Textures/Tile/school_floor_Mat.uasset" 574
"../../../MrRichSimulator/Content/Meshes/Table/Lunch_bench.uasset" 575
"../../../MrRichSimulator/Content/Levels/LHS_part1.umap" 576
"../../../Engine/Content/Maps/Entry.umap" 577
